TN:
SF:src/index.ts
FNF:0
FNH:0
LF:0
LH:0
BRF:0
BRH:0
end_of_record
TN:
SF:src/ai/AIPlayer.ts
FN:51,(anonymous_0)
FN:79,(anonymous_1)
FN:99,(anonymous_2)
FN:124,(anonymous_3)
FN:142,(anonymous_4)
FNF:5
FNH:3
FNDA:54,(anonymous_0)
FNDA:7,(anonymous_1)
FNDA:7,(anonymous_2)
FNDA:0,(anonymous_3)
FNDA:0,(anonymous_4)
DA:52,54
DA:53,54
DA:56,54
DA:57,810
DA:58,12150
DA:59,12150
DA:60,11699
DA:66,54
DA:67,1
DA:70,53
DA:71,53
DA:80,7
DA:81,7
DA:84,7
DA:85,7
DA:86,7
DA:90,0
DA:91,0
DA:92,0
DA:96,0
DA:100,7
DA:102,7
DA:103,7
DA:104,35
DA:105,35
DA:107,33
DA:108,33
DA:114,33
DA:115,7
DA:121,0
DA:125,0
DA:126,0
DA:129,0
DA:131,0
DA:132,0
DA:133,0
DA:134,0
DA:135,0
DA:136,0
DA:142,0
DA:144,0
LF:41
LH:25
BRDA:59,0,0,11699
BRDA:59,0,1,451
BRDA:66,1,0,1
BRDA:66,1,1,53
BRDA:81,2,0,6
BRDA:81,2,1,1
BRDA:85,3,0,7
BRDA:85,3,1,0
BRDA:91,4,0,0
BRDA:91,4,1,0
BRDA:105,5,0,33
BRDA:105,5,1,2
BRDA:114,6,0,7
BRDA:114,6,1,26
BRDA:134,7,0,0
BRDA:134,7,1,0
BRF:16
BRH:11
end_of_record
TN:
SF:src/ai/index.ts
FNF:0
FNH:0
LF:0
LH:0
BRF:0
BRH:0
end_of_record
TN:
SF:src/core/Board.ts
FN:10,(anonymous_0)
FN:17,(anonymous_1)
FN:20,(anonymous_2)
FN:26,(anonymous_3)
FN:33,(anonymous_4)
FN:43,(anonymous_5)
FN:57,(anonymous_6)
FN:69,(anonymous_7)
FN:76,(anonymous_8)
FN:90,(anonymous_9)
FN:97,(anonymous_10)
FN:98,(anonymous_11)
FN:104,(anonymous_12)
FN:124,(anonymous_13)
FN:139,(anonymous_14)
FNF:15
FNH:15
FNDA:75,(anonymous_0)
FNDA:80,(anonymous_1)
FNDA:1200,(anonymous_2)
FNDA:70,(anonymous_3)
FNDA:12203,(anonymous_4)
FNDA:966,(anonymous_5)
FNDA:13182,(anonymous_6)
FNDA:12190,(anonymous_7)
FNDA:141,(anonymous_8)
FNDA:5,(anonymous_9)
FNDA:2,(anonymous_10)
FNDA:30,(anonymous_11)
FNDA:198,(anonymous_12)
FNDA:716,(anonymous_13)
FNDA:1432,(anonymous_14)
DA:7,75
DA:11,75
DA:18,80
DA:20,1200
DA:27,70
DA:34,12203
DA:35,3
DA:37,12200
DA:44,966
DA:45,4
DA:47,962
DA:48,7
DA:50,955
DA:51,955
DA:58,13182
DA:70,12190
DA:77,141
DA:78,249
DA:79,2311
DA:80,140
DA:84,1
DA:91,5
DA:98,30
DA:105,198
DA:112,198
DA:113,716
DA:114,30
DA:118,168
DA:125,716
DA:128,716
DA:131,716
DA:133,716
DA:140,1432
DA:141,1432
DA:142,1432
DA:144,1432
DA:151,432
DA:152,432
DA:153,432
DA:156,1432
LF:40
LH:40
BRDA:34,0,0,3
BRDA:34,0,1,12200
BRDA:44,1,0,4
BRDA:44,1,1,962
BRDA:47,2,0,7
BRDA:47,2,1,955
BRDA:59,3,0,13182
BRDA:59,3,1,13177
BRDA:59,3,2,13173
BRDA:59,3,3,13172
BRDA:79,4,0,140
BRDA:79,4,1,2171
BRDA:113,5,0,30
BRDA:113,5,1,686
BRDA:145,6,0,1432
BRDA:145,6,1,1569
BRDA:145,6,2,1565
BRDA:145,6,3,1408
BRDA:145,6,4,1392
BRF:19
BRH:19
end_of_record
TN:
SF:src/core/Game.ts
FN:13,(anonymous_0)
FN:23,(anonymous_1)
FN:30,(anonymous_2)
FN:37,(anonymous_3)
FN:44,(anonymous_4)
FN:51,(anonymous_5)
FN:89,(anonymous_6)
FN:99,(anonymous_7)
FN:109,(anonymous_8)
FN:119,(anonymous_9)
FNF:10
FNH:10
FNDA:26,(anonymous_0)
FNDA:5,(anonymous_1)
FNDA:5,(anonymous_2)
FNDA:231,(anonymous_3)
FNDA:6,(anonymous_4)
FNDA:151,(anonymous_5)
FNDA:138,(anonymous_6)
FNDA:4,(anonymous_7)
FNDA:5,(anonymous_8)
FNDA:5,(anonymous_9)
DA:14,26
DA:15,26
DA:16,26
DA:17,26
DA:24,5
DA:31,5
DA:38,231
DA:45,6
DA:52,151
DA:53,1
DA:56,150
DA:57,3
DA:61,147
DA:67,147
DA:68,9
DA:72,9
DA:76,138
DA:77,0
DA:78,0
DA:82,138
DA:83,138
DA:90,138
DA:100,4
DA:101,4
DA:102,4
DA:103,4
DA:110,5
DA:111,1
DA:113,4
DA:120,5
DA:121,2
DA:123,3
DA:124,2
DA:126,1
LF:34
LH:32
BRDA:52,0,0,1
BRDA:52,0,1,150
BRDA:56,1,0,3
BRDA:56,1,1,147
BRDA:67,2,0,9
BRDA:67,2,1,138
BRDA:69,3,0,7
BRDA:69,3,1,2
BRDA:76,4,0,0
BRDA:76,4,1,138
BRDA:91,5,0,73
BRDA:91,5,1,65
BRDA:110,6,0,1
BRDA:110,6,1,4
BRDA:113,7,0,4
BRDA:113,7,1,2
BRDA:120,8,0,2
BRDA:120,8,1,3
BRDA:123,9,0,2
BRDA:123,9,1,1
BRF:20
BRH:19
end_of_record
TN:
SF:src/core/types.ts
FN:12,(anonymous_0)
FN:21,(anonymous_1)
FNF:2
FNH:2
FNDA:3,(anonymous_0)
FNDA:3,(anonymous_1)
DA:12,3
DA:13,3
DA:14,3
DA:15,3
DA:21,3
DA:22,3
DA:23,3
DA:24,3
DA:25,3
LF:9
LH:9
BRDA:12,0,0,3
BRDA:12,0,1,3
BRDA:21,1,0,3
BRDA:21,1,1,3
BRF:4
BRH:4
end_of_record
